# Logfile created on 2021-01-29 10:43:06 -0300 by logger.rb/66358
D, [2021-01-29T10:44:42.681008 #25324] DEBUG -- : MONGODB | Topology type 'unknown' initializing.
D, [2021-01-29T10:44:42.681374 #25324] DEBUG -- : MONGODB | There was a change in the members of the 'Unknown' topology.
D, [2021-01-29T10:44:42.681602 #25324] DEBUG -- : MONGODB | Server rocklov-db:27017 initializing.
D, [2021-01-29T10:44:42.681911 #25324] DEBUG -- : MONGODB | Waiting for up to 30.00 seconds for servers to be scanned: #<Cluster topology=Unknown[rocklov-db:27017] servers=[#<Server address=rocklov-db:27017 UNKNOWN>]>
D, [2021-01-29T10:44:42.683881 #25324] DEBUG -- : MONGODB | Server description for rocklov-db:27017 changed from 'unknown' to 'standalone'.
D, [2021-01-29T10:44:42.684142 #25324] DEBUG -- : MONGODB | Topology type 'Unknown' changed to type 'Single'.
D, [2021-01-29T10:44:42.685956 #25324] DEBUG -- : MONGODB | Server description for rocklov-db:27017 changed from 'standalone' to 'standalone'.
D, [2021-01-29T10:44:42.686123 #25324] DEBUG -- : MONGODB | There was a change in the members of the 'Single' topology.
D, [2021-01-29T10:44:42.686845 #25324] DEBUG -- : MONGODB | rocklov-db:27017 req:7 conn:1:1 sconn:3 | rocklov.delete | STARTED | {"delete"=>"users", "ordered"=>true, "deletes"=>[{"q"=>{"email"=>"alan@temp.vc"}, "limit"=>0}], "$db"=>"rocklov", "lsid"=>{"id"=><BSON::Binary:0x47064029995420 type=uuid data=0x93d27432bfe24209...>}}
D, [2021-01-29T10:44:42.687734 #25324] DEBUG -- : MONGODB | rocklov-db:27017 req:7 | rocklov.delete | SUCCEEDED | 0.001s
D, [2021-01-29T10:44:43.276617 #25324] DEBUG -- : MONGODB | Topology type 'unknown' initializing.
D, [2021-01-29T10:44:43.276827 #25324] DEBUG -- : MONGODB | There was a change in the members of the 'Unknown' topology.
D, [2021-01-29T10:44:43.276899 #25324] DEBUG -- : MONGODB | Server rocklov-db:27017 initializing.
D, [2021-01-29T10:44:43.277063 #25324] DEBUG -- : MONGODB | Waiting for up to 30.00 seconds for servers to be scanned: #<Cluster topology=Unknown[rocklov-db:27017] servers=[#<Server address=rocklov-db:27017 UNKNOWN>]>
D, [2021-01-29T10:44:43.279299 #25324] DEBUG -- : MONGODB | Server description for rocklov-db:27017 changed from 'unknown' to 'standalone'.
D, [2021-01-29T10:44:43.279469 #25324] DEBUG -- : MONGODB | Topology type 'Unknown' changed to type 'Single'.
D, [2021-01-29T10:44:43.281311 #25324] DEBUG -- : MONGODB | Server description for rocklov-db:27017 changed from 'standalone' to 'standalone'.
D, [2021-01-29T10:44:43.281492 #25324] DEBUG -- : MONGODB | There was a change in the members of the 'Single' topology.
D, [2021-01-29T10:44:43.282098 #25324] DEBUG -- : MONGODB | rocklov-db:27017 req:10 conn:1:1 sconn:6 | rocklov.delete | STARTED | {"delete"=>"users", "ordered"=>true, "deletes"=>[{"q"=>{"email"=>"alan@temp.vc"}, "limit"=>0}], "$db"=>"rocklov", "lsid"=>{"id"=><BSON::Binary:0x47064031857520 type=uuid data=0x687649ca80c74a04...>}}
D, [2021-01-29T10:44:43.282913 #25324] DEBUG -- : MONGODB | rocklov-db:27017 req:10 | rocklov.delete | SUCCEEDED | 0.001s
D, [2021-01-29T10:44:43.901610 #25324] DEBUG -- : MONGODB | Topology type 'unknown' initializing.
D, [2021-01-29T10:44:43.901891 #25324] DEBUG -- : MONGODB | There was a change in the members of the 'Unknown' topology.
D, [2021-01-29T10:44:43.902023 #25324] DEBUG -- : MONGODB | Server rocklov-db:27017 initializing.
D, [2021-01-29T10:44:43.902243 #25324] DEBUG -- : MONGODB | Waiting for up to 30.00 seconds for servers to be scanned: #<Cluster topology=Unknown[rocklov-db:27017] servers=[#<Server address=rocklov-db:27017 UNKNOWN>]>
D, [2021-01-29T10:44:43.904131 #25324] DEBUG -- : MONGODB | Server description for rocklov-db:27017 changed from 'unknown' to 'standalone'.
D, [2021-01-29T10:44:43.904387 #25324] DEBUG -- : MONGODB | Topology type 'Unknown' changed to type 'Single'.
D, [2021-01-29T10:44:43.906412 #25324] DEBUG -- : MONGODB | Server description for rocklov-db:27017 changed from 'standalone' to 'standalone'.
D, [2021-01-29T10:44:43.906612 #25324] DEBUG -- : MONGODB | There was a change in the members of the 'Single' topology.
D, [2021-01-29T10:44:43.907224 #25324] DEBUG -- : MONGODB | rocklov-db:27017 req:13 conn:1:1 sconn:8 | rocklov.delete | STARTED | {"delete"=>"users", "ordered"=>true, "deletes"=>[{"q"=>{"email"=>""}, "limit"=>0}], "$db"=>"rocklov", "lsid"=>{"id"=><BSON::Binary:0x47064029628780 type=uuid data=0x602b9587a39c4515...>}}
D, [2021-01-29T10:44:43.907809 #25324] DEBUG -- : MONGODB | rocklov-db:27017 req:13 | rocklov.delete | SUCCEEDED | 0.000s
D, [2021-01-29T10:44:44.517000 #25324] DEBUG -- : MONGODB | Topology type 'unknown' initializing.
D, [2021-01-29T10:44:44.517247 #25324] DEBUG -- : MONGODB | There was a change in the members of the 'Unknown' topology.
D, [2021-01-29T10:44:44.517338 #25324] DEBUG -- : MONGODB | Server rocklov-db:27017 initializing.
D, [2021-01-29T10:44:44.517571 #25324] DEBUG -- : MONGODB | Waiting for up to 30.00 seconds for servers to be scanned: #<Cluster topology=Unknown[rocklov-db:27017] servers=[#<Server address=rocklov-db:27017 UNKNOWN>]>
D, [2021-01-29T10:44:44.518787 #25324] DEBUG -- : MONGODB | Server description for rocklov-db:27017 changed from 'unknown' to 'standalone'.
D, [2021-01-29T10:44:44.518972 #25324] DEBUG -- : MONGODB | Topology type 'Unknown' changed to type 'Single'.
D, [2021-01-29T10:44:44.520383 #25324] DEBUG -- : MONGODB | Server description for rocklov-db:27017 changed from 'standalone' to 'standalone'.
D, [2021-01-29T10:44:44.520497 #25324] DEBUG -- : MONGODB | There was a change in the members of the 'Single' topology.
D, [2021-01-29T10:44:44.520909 #25324] DEBUG -- : MONGODB | rocklov-db:27017 req:16 conn:1:1 sconn:10 | rocklov.delete | STARTED | {"delete"=>"users", "ordered"=>true, "deletes"=>[{"q"=>{"email"=>"alan*temp.vc"}, "limit"=>0}], "$db"=>"rocklov", "lsid"=>{"id"=><BSON::Binary:0x47064031768380 type=uuid data=0x091be9ed67a44180...>}}
D, [2021-01-29T10:44:44.521405 #25324] DEBUG -- : MONGODB | rocklov-db:27017 req:16 | rocklov.delete | SUCCEEDED | 0.000s
D, [2021-01-29T10:44:45.134199 #25324] DEBUG -- : MONGODB | Topology type 'unknown' initializing.
D, [2021-01-29T10:44:45.134449 #25324] DEBUG -- : MONGODB | There was a change in the members of the 'Unknown' topology.
D, [2021-01-29T10:44:45.134549 #25324] DEBUG -- : MONGODB | Server rocklov-db:27017 initializing.
D, [2021-01-29T10:44:45.134796 #25324] DEBUG -- : MONGODB | Waiting for up to 30.00 seconds for servers to be scanned: #<Cluster topology=Unknown[rocklov-db:27017] servers=[#<Server address=rocklov-db:27017 UNKNOWN>]>
D, [2021-01-29T10:44:45.136249 #25324] DEBUG -- : MONGODB | Server description for rocklov-db:27017 changed from 'unknown' to 'standalone'.
D, [2021-01-29T10:44:45.136451 #25324] DEBUG -- : MONGODB | Topology type 'Unknown' changed to type 'Single'.
D, [2021-01-29T10:44:45.177120 #25324] DEBUG -- : MONGODB | Server description for rocklov-db:27017 changed from 'standalone' to 'standalone'.
D, [2021-01-29T10:44:45.177288 #25324] DEBUG -- : MONGODB | There was a change in the members of the 'Single' topology.
D, [2021-01-29T10:44:45.177795 #25324] DEBUG -- : MONGODB | rocklov-db:27017 req:19 conn:1:1 sconn:12 | rocklov.delete | STARTED | {"delete"=>"users", "ordered"=>true, "deletes"=>[{"q"=>{"email"=>"alan@temp.vc"}, "limit"=>0}], "$db"=>"rocklov", "lsid"=>{"id"=><BSON::Binary:0x47064030862140 type=uuid data=0xdf4a341ca9344da2...>}}
D, [2021-01-29T10:44:45.178393 #25324] DEBUG -- : MONGODB | rocklov-db:27017 req:19 | rocklov.delete | SUCCEEDED | 0.000s
D, [2021-01-29T10:44:49.321983 #25324] DEBUG -- : MONGODB | Server description for rocklov-db:27017 changed from 'standalone' to 'standalone'.
D, [2021-01-29T10:44:49.322147 #25324] DEBUG -- : MONGODB | There was a change in the members of the 'Single' topology.
D, [2021-01-29T10:44:49.322523 #25324] DEBUG -- : MONGODB | rocklov-db:27017 req:21 conn:1:2 sconn:13 | admin.endSessions | STARTED | {"endSessions"=>[{"id"=><BSON::Binary:0x47064030862140 type=uuid data=0xdf4a341ca9344da2...>}], "$db"=>"admin"}
D, [2021-01-29T10:44:49.322915 #25324] DEBUG -- : MONGODB | rocklov-db:27017 req:21 | admin.endSessions | SUCCEEDED | 0.000s
D, [2021-01-29T10:44:49.324211 #25324] DEBUG -- : MONGODB | Server description for rocklov-db:27017 changed from 'standalone' to 'standalone'.
D, [2021-01-29T10:44:49.324371 #25324] DEBUG -- : MONGODB | There was a change in the members of the 'Single' topology.
D, [2021-01-29T10:44:49.324647 #25324] DEBUG -- : MONGODB | rocklov-db:27017 req:23 conn:1:2 sconn:14 | admin.endSessions | STARTED | {"endSessions"=>[{"id"=><BSON::Binary:0x47064031768380 type=uuid data=0x091be9ed67a44180...>}], "$db"=>"admin"}
D, [2021-01-29T10:44:49.325005 #25324] DEBUG -- : MONGODB | rocklov-db:27017 req:23 | admin.endSessions | SUCCEEDED | 0.000s
D, [2021-01-29T10:44:49.326232 #25324] DEBUG -- : MONGODB | Server description for rocklov-db:27017 changed from 'standalone' to 'standalone'.
D, [2021-01-29T10:44:49.326345 #25324] DEBUG -- : MONGODB | There was a change in the members of the 'Single' topology.
D, [2021-01-29T10:44:49.326601 #25324] DEBUG -- : MONGODB | rocklov-db:27017 req:25 conn:1:2 sconn:15 | admin.endSessions | STARTED | {"endSessions"=>[{"id"=><BSON::Binary:0x47064029628780 type=uuid data=0x602b9587a39c4515...>}], "$db"=>"admin"}
D, [2021-01-29T10:44:49.326938 #25324] DEBUG -- : MONGODB | rocklov-db:27017 req:25 | admin.endSessions | SUCCEEDED | 0.000s
D, [2021-01-29T10:44:49.328325 #25324] DEBUG -- : MONGODB | Server description for rocklov-db:27017 changed from 'standalone' to 'standalone'.
D, [2021-01-29T10:44:49.328463 #25324] DEBUG -- : MONGODB | There was a change in the members of the 'Single' topology.
D, [2021-01-29T10:44:49.328769 #25324] DEBUG -- : MONGODB | rocklov-db:27017 req:27 conn:1:2 sconn:16 | admin.endSessions | STARTED | {"endSessions"=>[{"id"=><BSON::Binary:0x47064031857520 type=uuid data=0x687649ca80c74a04...>}], "$db"=>"admin"}
D, [2021-01-29T10:44:49.329155 #25324] DEBUG -- : MONGODB | rocklov-db:27017 req:27 | admin.endSessions | SUCCEEDED | 0.000s
D, [2021-01-29T10:44:49.330540 #25324] DEBUG -- : MONGODB | Server description for rocklov-db:27017 changed from 'standalone' to 'standalone'.
D, [2021-01-29T10:44:49.330660 #25324] DEBUG -- : MONGODB | There was a change in the members of the 'Single' topology.
D, [2021-01-29T10:44:49.330929 #25324] DEBUG -- : MONGODB | rocklov-db:27017 req:29 conn:1:2 sconn:17 | admin.endSessions | STARTED | {"endSessions"=>[{"id"=><BSON::Binary:0x47064029995420 type=uuid data=0x93d27432bfe24209...>}], "$db"=>"admin"}
D, [2021-01-29T10:44:49.331247 #25324] DEBUG -- : MONGODB | rocklov-db:27017 req:29 | admin.endSessions | SUCCEEDED | 0.000s
D, [2021-01-29T10:46:18.211152 #26064] DEBUG -- : MONGODB | Topology type 'unknown' initializing.
D, [2021-01-29T10:46:18.211441 #26064] DEBUG -- : MONGODB | There was a change in the members of the 'Unknown' topology.
D, [2021-01-29T10:46:18.211648 #26064] DEBUG -- : MONGODB | Server rocklov-db:27017 initializing.
D, [2021-01-29T10:46:18.211833 #26064] DEBUG -- : MONGODB | Waiting for up to 30.00 seconds for servers to be scanned: #<Cluster topology=Unknown[rocklov-db:27017] servers=[#<Server address=rocklov-db:27017 UNKNOWN>]>
D, [2021-01-29T10:46:18.213622 #26064] DEBUG -- : MONGODB | Server description for rocklov-db:27017 changed from 'unknown' to 'standalone'.
D, [2021-01-29T10:46:18.213825 #26064] DEBUG -- : MONGODB | Topology type 'Unknown' changed to type 'Single'.
D, [2021-01-29T10:46:18.215508 #26064] DEBUG -- : MONGODB | Server description for rocklov-db:27017 changed from 'standalone' to 'standalone'.
D, [2021-01-29T10:46:18.215630 #26064] DEBUG -- : MONGODB | There was a change in the members of the 'Single' topology.
D, [2021-01-29T10:46:18.216229 #26064] DEBUG -- : MONGODB | rocklov-db:27017 req:7 conn:1:1 sconn:19 | rocklov.delete | STARTED | {"delete"=>"users", "ordered"=>true, "deletes"=>[{"q"=>{"email"=>"alan@temp.vc"}, "limit"=>0}], "$db"=>"rocklov", "lsid"=>{"id"=><BSON::Binary:0x47344598009040 type=uuid data=0x900fe4e4696e40d6...>}}
D, [2021-01-29T10:46:18.216679 #26064] DEBUG -- : MONGODB | rocklov-db:27017 req:7 | rocklov.delete | SUCCEEDED | 0.000s
D, [2021-01-29T10:46:18.770627 #26064] DEBUG -- : MONGODB | Server description for rocklov-db:27017 changed from 'standalone' to 'standalone'.
D, [2021-01-29T10:46:18.770796 #26064] DEBUG -- : MONGODB | There was a change in the members of the 'Single' topology.
D, [2021-01-29T10:46:18.771187 #26064] DEBUG -- : MONGODB | rocklov-db:27017 req:9 conn:1:2 sconn:20 | admin.endSessions | STARTED | {"endSessions"=>[{"id"=><BSON::Binary:0x47344598009040 type=uuid data=0x900fe4e4696e40d6...>}], "$db"=>"admin"}
D, [2021-01-29T10:46:18.771608 #26064] DEBUG -- : MONGODB | rocklov-db:27017 req:9 | admin.endSessions | SUCCEEDED | 0.000s
D, [2021-01-29T10:47:02.267712 #26382] DEBUG -- : MONGODB | Topology type 'unknown' initializing.
D, [2021-01-29T10:47:02.268167 #26382] DEBUG -- : MONGODB | There was a change in the members of the 'Unknown' topology.
D, [2021-01-29T10:47:02.268498 #26382] DEBUG -- : MONGODB | Server rocklov-db:27017 initializing.
D, [2021-01-29T10:47:02.268879 #26382] DEBUG -- : MONGODB | Waiting for up to 30.00 seconds for servers to be scanned: #<Cluster topology=Unknown[rocklov-db:27017] servers=[#<Server address=rocklov-db:27017 UNKNOWN>]>
D, [2021-01-29T10:47:02.279401 #26382] DEBUG -- : MONGODB | Server description for rocklov-db:27017 changed from 'unknown' to 'standalone'.
D, [2021-01-29T10:47:02.279619 #26382] DEBUG -- : MONGODB | Topology type 'Unknown' changed to type 'Single'.
D, [2021-01-29T10:47:02.282202 #26382] DEBUG -- : MONGODB | Server description for rocklov-db:27017 changed from 'standalone' to 'standalone'.
D, [2021-01-29T10:47:02.282320 #26382] DEBUG -- : MONGODB | There was a change in the members of the 'Single' topology.
D, [2021-01-29T10:47:02.282828 #26382] DEBUG -- : MONGODB | rocklov-db:27017 req:7 conn:1:1 sconn:22 | rocklov.delete | STARTED | {"delete"=>"users", "ordered"=>true, "deletes"=>[{"q"=>{"email"=>"alan@temp.vc"}, "limit"=>0}], "$db"=>"rocklov", "lsid"=>{"id"=><BSON::Binary:0x47081067750060 type=uuid data=0xa4a8dce5ee484f47...>}}
D, [2021-01-29T10:47:02.283289 #26382] DEBUG -- : MONGODB | rocklov-db:27017 req:7 | rocklov.delete | SUCCEEDED | 0.000s
D, [2021-01-29T10:47:02.750175 #26382] DEBUG -- : MONGODB | Server description for rocklov-db:27017 changed from 'standalone' to 'standalone'.
D, [2021-01-29T10:47:02.750315 #26382] DEBUG -- : MONGODB | There was a change in the members of the 'Single' topology.
D, [2021-01-29T10:47:02.750655 #26382] DEBUG -- : MONGODB | rocklov-db:27017 req:9 conn:1:2 sconn:23 | admin.endSessions | STARTED | {"endSessions"=>[{"id"=><BSON::Binary:0x47081067750060 type=uuid data=0xa4a8dce5ee484f47...>}], "$db"=>"admin"}
D, [2021-01-29T10:47:02.750992 #26382] DEBUG -- : MONGODB | rocklov-db:27017 req:9 | admin.endSessions | SUCCEEDED | 0.000s
D, [2021-01-29T10:48:29.806938 #26667] DEBUG -- : MONGODB | Topology type 'unknown' initializing.
D, [2021-01-29T10:48:29.807315 #26667] DEBUG -- : MONGODB | There was a change in the members of the 'Unknown' topology.
D, [2021-01-29T10:48:29.817441 #26667] DEBUG -- : MONGODB | Server rocklov-db:27017 initializing.
D, [2021-01-29T10:48:29.817853 #26667] DEBUG -- : MONGODB | Waiting for up to 30.00 seconds for servers to be scanned: #<Cluster topology=Unknown[rocklov-db:27017] servers=[#<Server address=rocklov-db:27017 UNKNOWN>]>
D, [2021-01-29T10:48:29.819739 #26667] DEBUG -- : MONGODB | Server description for rocklov-db:27017 changed from 'unknown' to 'standalone'.
D, [2021-01-29T10:48:29.819976 #26667] DEBUG -- : MONGODB | Topology type 'Unknown' changed to type 'Single'.
D, [2021-01-29T10:48:29.821500 #26667] DEBUG -- : MONGODB | Server description for rocklov-db:27017 changed from 'standalone' to 'standalone'.
D, [2021-01-29T10:48:29.821613 #26667] DEBUG -- : MONGODB | There was a change in the members of the 'Single' topology.
D, [2021-01-29T10:48:29.822139 #26667] DEBUG -- : MONGODB | rocklov-db:27017 req:7 conn:1:1 sconn:25 | rocklov.delete | STARTED | {"delete"=>"users", "ordered"=>true, "deletes"=>[{"q"=>{"email"=>"alan@temp.vc"}, "limit"=>0}], "$db"=>"rocklov", "lsid"=>{"id"=><BSON::Binary:0x47379580409800 type=uuid data=0x21884b9b26ba414c...>}}
D, [2021-01-29T10:48:29.822785 #26667] DEBUG -- : MONGODB | rocklov-db:27017 req:7 | rocklov.delete | SUCCEEDED | 0.001s
D, [2021-01-29T10:48:35.340181 #26667] DEBUG -- : MONGODB | Server description for rocklov-db:27017 changed from 'standalone' to 'standalone'.
D, [2021-01-29T10:48:35.340353 #26667] DEBUG -- : MONGODB | There was a change in the members of the 'Single' topology.
D, [2021-01-29T10:48:35.340735 #26667] DEBUG -- : MONGODB | rocklov-db:27017 req:9 conn:1:2 sconn:26 | admin.endSessions | STARTED | {"endSessions"=>[{"id"=><BSON::Binary:0x47379580409800 type=uuid data=0x21884b9b26ba414c...>}], "$db"=>"admin"}
D, [2021-01-29T10:48:35.341100 #26667] DEBUG -- : MONGODB | rocklov-db:27017 req:9 | admin.endSessions | SUCCEEDED | 0.000s
D, [2021-01-29T10:49:31.144240 #27025] DEBUG -- : MONGODB | Topology type 'unknown' initializing.
D, [2021-01-29T10:49:31.144535 #27025] DEBUG -- : MONGODB | There was a change in the members of the 'Unknown' topology.
D, [2021-01-29T10:49:31.144721 #27025] DEBUG -- : MONGODB | Server rocklov-db:27017 initializing.
D, [2021-01-29T10:49:31.144866 #27025] DEBUG -- : MONGODB | Waiting for up to 30.00 seconds for servers to be scanned: #<Cluster topology=Unknown[rocklov-db:27017] servers=[#<Server address=rocklov-db:27017 UNKNOWN>]>
D, [2021-01-29T10:49:31.146541 #27025] DEBUG -- : MONGODB | Server description for rocklov-db:27017 changed from 'unknown' to 'standalone'.
D, [2021-01-29T10:49:31.146785 #27025] DEBUG -- : MONGODB | Topology type 'Unknown' changed to type 'Single'.
D, [2021-01-29T10:49:31.153821 #27025] DEBUG -- : MONGODB | Server description for rocklov-db:27017 changed from 'standalone' to 'standalone'.
D, [2021-01-29T10:49:31.153986 #27025] DEBUG -- : MONGODB | There was a change in the members of the 'Single' topology.
D, [2021-01-29T10:49:31.154733 #27025] DEBUG -- : MONGODB | rocklov-db:27017 req:7 conn:1:1 sconn:28 | rocklov.delete | STARTED | {"delete"=>"users", "ordered"=>true, "deletes"=>[{"q"=>{"email"=>"alan@temp.vc"}, "limit"=>0}], "$db"=>"rocklov", "lsid"=>{"id"=><BSON::Binary:0x47408108694560 type=uuid data=0x006384a685ad4a65...>}}
D, [2021-01-29T10:49:31.155537 #27025] DEBUG -- : MONGODB | rocklov-db:27017 req:7 | rocklov.delete | SUCCEEDED | 0.001s
D, [2021-01-29T10:49:36.802247 #27025] DEBUG -- : MONGODB | Topology type 'unknown' initializing.
D, [2021-01-29T10:49:36.802500 #27025] DEBUG -- : MONGODB | There was a change in the members of the 'Unknown' topology.
D, [2021-01-29T10:49:36.802747 #27025] DEBUG -- : MONGODB | Server rocklov-db:27017 initializing.
D, [2021-01-29T10:49:36.803004 #27025] DEBUG -- : MONGODB | Waiting for up to 30.00 seconds for servers to be scanned: #<Cluster topology=Unknown[rocklov-db:27017] servers=[#<Server address=rocklov-db:27017 UNKNOWN>]>
D, [2021-01-29T10:49:36.804105 #27025] DEBUG -- : MONGODB | Server description for rocklov-db:27017 changed from 'unknown' to 'standalone'.
D, [2021-01-29T10:49:36.804241 #27025] DEBUG -- : MONGODB | Topology type 'Unknown' changed to type 'Single'.
D, [2021-01-29T10:49:36.805051 #27025] DEBUG -- : MONGODB | Server description for rocklov-db:27017 changed from 'standalone' to 'standalone'.
D, [2021-01-29T10:49:36.805115 #27025] DEBUG -- : MONGODB | There was a change in the members of the 'Single' topology.
D, [2021-01-29T10:49:36.805384 #27025] DEBUG -- : MONGODB | rocklov-db:27017 req:10 conn:1:1 sconn:30 | rocklov.delete | STARTED | {"delete"=>"users", "ordered"=>true, "deletes"=>[{"q"=>{"email"=>"alan@temp.vc"}, "limit"=>0}], "$db"=>"rocklov", "lsid"=>{"id"=><BSON::Binary:0x47408095882780 type=uuid data=0xd72e80794e0f4628...>}}
D, [2021-01-29T10:49:36.805749 #27025] DEBUG -- : MONGODB | rocklov-db:27017 req:10 | rocklov.delete | SUCCEEDED | 0.000s
D, [2021-01-29T10:49:37.436400 #27025] DEBUG -- : MONGODB | Topology type 'unknown' initializing.
D, [2021-01-29T10:49:37.436611 #27025] DEBUG -- : MONGODB | There was a change in the members of the 'Unknown' topology.
D, [2021-01-29T10:49:37.436685 #27025] DEBUG -- : MONGODB | Server rocklov-db:27017 initializing.
D, [2021-01-29T10:49:37.436944 #27025] DEBUG -- : MONGODB | Waiting for up to 30.00 seconds for servers to be scanned: #<Cluster topology=Unknown[rocklov-db:27017] servers=[#<Server address=rocklov-db:27017 UNKNOWN>]>
D, [2021-01-29T10:49:37.438265 #27025] DEBUG -- : MONGODB | Server description for rocklov-db:27017 changed from 'unknown' to 'standalone'.
D, [2021-01-29T10:49:37.438394 #27025] DEBUG -- : MONGODB | Topology type 'Unknown' changed to type 'Single'.
D, [2021-01-29T10:49:37.439822 #27025] DEBUG -- : MONGODB | Server description for rocklov-db:27017 changed from 'standalone' to 'standalone'.
D, [2021-01-29T10:49:37.439979 #27025] DEBUG -- : MONGODB | There was a change in the members of the 'Single' topology.
D, [2021-01-29T10:49:37.440496 #27025] DEBUG -- : MONGODB | rocklov-db:27017 req:13 conn:1:1 sconn:32 | rocklov.delete | STARTED | {"delete"=>"users", "ordered"=>true, "deletes"=>[{"q"=>{"email"=>""}, "limit"=>0}], "$db"=>"rocklov", "lsid"=>{"id"=><BSON::Binary:0x47408106321860 type=uuid data=0x583b856e8dc84e11...>}}
D, [2021-01-29T10:49:37.441063 #27025] DEBUG -- : MONGODB | rocklov-db:27017 req:13 | rocklov.delete | SUCCEEDED | 0.000s
D, [2021-01-29T10:49:38.054513 #27025] DEBUG -- : MONGODB | Topology type 'unknown' initializing.
D, [2021-01-29T10:49:38.054772 #27025] DEBUG -- : MONGODB | There was a change in the members of the 'Unknown' topology.
D, [2021-01-29T10:49:38.054867 #27025] DEBUG -- : MONGODB | Server rocklov-db:27017 initializing.
D, [2021-01-29T10:49:38.055120 #27025] DEBUG -- : MONGODB | Waiting for up to 30.00 seconds for servers to be scanned: #<Cluster topology=Unknown[rocklov-db:27017] servers=[#<Server address=rocklov-db:27017 UNKNOWN>]>
D, [2021-01-29T10:49:38.057454 #27025] DEBUG -- : MONGODB | Server description for rocklov-db:27017 changed from 'unknown' to 'standalone'.
D, [2021-01-29T10:49:38.057637 #27025] DEBUG -- : MONGODB | Topology type 'Unknown' changed to type 'Single'.
D, [2021-01-29T10:49:38.058967 #27025] DEBUG -- : MONGODB | Server description for rocklov-db:27017 changed from 'standalone' to 'standalone'.
D, [2021-01-29T10:49:38.059056 #27025] DEBUG -- : MONGODB | There was a change in the members of the 'Single' topology.
D, [2021-01-29T10:49:38.059430 #27025] DEBUG -- : MONGODB | rocklov-db:27017 req:16 conn:1:1 sconn:34 | rocklov.delete | STARTED | {"delete"=>"users", "ordered"=>true, "deletes"=>[{"q"=>{"email"=>"alan*temp.vc"}, "limit"=>0}], "$db"=>"rocklov", "lsid"=>{"id"=><BSON::Binary:0x47408107693500 type=uuid data=0x5c286e0cd42a4cec...>}}
D, [2021-01-29T10:49:38.059748 #27025] DEBUG -- : MONGODB | rocklov-db:27017 req:16 | rocklov.delete | SUCCEEDED | 0.000s
D, [2021-01-29T10:49:38.669171 #27025] DEBUG -- : MONGODB | Topology type 'unknown' initializing.
D, [2021-01-29T10:49:38.669438 #27025] DEBUG -- : MONGODB | There was a change in the members of the 'Unknown' topology.
D, [2021-01-29T10:49:38.669573 #27025] DEBUG -- : MONGODB | Server rocklov-db:27017 initializing.
D, [2021-01-29T10:49:38.669841 #27025] DEBUG -- : MONGODB | Waiting for up to 30.00 seconds for servers to be scanned: #<Cluster topology=Unknown[rocklov-db:27017] servers=[#<Server address=rocklov-db:27017 UNKNOWN>]>
D, [2021-01-29T10:49:38.671260 #27025] DEBUG -- : MONGODB | Server description for rocklov-db:27017 changed from 'unknown' to 'standalone'.
D, [2021-01-29T10:49:38.671523 #27025] DEBUG -- : MONGODB | Topology type 'Unknown' changed to type 'Single'.
D, [2021-01-29T10:49:38.672959 #27025] DEBUG -- : MONGODB | Server description for rocklov-db:27017 changed from 'standalone' to 'standalone'.
D, [2021-01-29T10:49:38.673073 #27025] DEBUG -- : MONGODB | There was a change in the members of the 'Single' topology.
D, [2021-01-29T10:49:38.673504 #27025] DEBUG -- : MONGODB | rocklov-db:27017 req:19 conn:1:1 sconn:36 | rocklov.delete | STARTED | {"delete"=>"users", "ordered"=>true, "deletes"=>[{"q"=>{"email"=>"alan@temp.vc"}, "limit"=>0}], "$db"=>"rocklov", "lsid"=>{"id"=><BSON::Binary:0x47408097950880 type=uuid data=0x2b4eb9b4969b4299...>}}
D, [2021-01-29T10:49:38.673918 #27025] DEBUG -- : MONGODB | rocklov-db:27017 req:19 | rocklov.delete | SUCCEEDED | 0.000s
D, [2021-01-29T10:49:41.148241 #27025] DEBUG -- : MONGODB | Server description for rocklov-db:27017 changed from 'standalone' to 'standalone'.
D, [2021-01-29T10:49:41.148442 #27025] DEBUG -- : MONGODB | There was a change in the members of the 'Single' topology.
D, [2021-01-29T10:49:46.804958 #27025] DEBUG -- : MONGODB | Server description for rocklov-db:27017 changed from 'standalone' to 'standalone'.
D, [2021-01-29T10:49:46.805151 #27025] DEBUG -- : MONGODB | There was a change in the members of the 'Single' topology.
D, [2021-01-29T10:49:47.439103 #27025] DEBUG -- : MONGODB | Server description for rocklov-db:27017 changed from 'standalone' to 'standalone'.
D, [2021-01-29T10:49:47.439251 #27025] DEBUG -- : MONGODB | There was a change in the members of the 'Single' topology.
D, [2021-01-29T10:49:48.058421 #27025] DEBUG -- : MONGODB | Server description for rocklov-db:27017 changed from 'standalone' to 'standalone'.
D, [2021-01-29T10:49:48.058601 #27025] DEBUG -- : MONGODB | There was a change in the members of the 'Single' topology.
D, [2021-01-29T10:49:48.672324 #27025] DEBUG -- : MONGODB | Server description for rocklov-db:27017 changed from 'standalone' to 'standalone'.
D, [2021-01-29T10:49:48.672483 #27025] DEBUG -- : MONGODB | There was a change in the members of the 'Single' topology.
D, [2021-01-29T10:49:52.577392 #27025] DEBUG -- : MONGODB | Server description for rocklov-db:27017 changed from 'standalone' to 'standalone'.
D, [2021-01-29T10:49:52.577593 #27025] DEBUG -- : MONGODB | There was a change in the members of the 'Single' topology.
D, [2021-01-29T10:49:52.578113 #27025] DEBUG -- : MONGODB | rocklov-db:27017 req:21 conn:1:2 sconn:37 | admin.endSessions | STARTED | {"endSessions"=>[{"id"=><BSON::Binary:0x47408097950880 type=uuid data=0x2b4eb9b4969b4299...>}], "$db"=>"admin"}
D, [2021-01-29T10:49:52.578565 #27025] DEBUG -- : MONGODB | rocklov-db:27017 req:21 | admin.endSessions | SUCCEEDED | 0.000s
D, [2021-01-29T10:49:52.580074 #27025] DEBUG -- : MONGODB | Server description for rocklov-db:27017 changed from 'standalone' to 'standalone'.
D, [2021-01-29T10:49:52.580204 #27025] DEBUG -- : MONGODB | There was a change in the members of the 'Single' topology.
D, [2021-01-29T10:49:52.580498 #27025] DEBUG -- : MONGODB | rocklov-db:27017 req:23 conn:1:2 sconn:38 | admin.endSessions | STARTED | {"endSessions"=>[{"id"=><BSON::Binary:0x47408107693500 type=uuid data=0x5c286e0cd42a4cec...>}], "$db"=>"admin"}
D, [2021-01-29T10:49:52.580828 #27025] DEBUG -- : MONGODB | rocklov-db:27017 req:23 | admin.endSessions | SUCCEEDED | 0.000s
D, [2021-01-29T10:49:52.582176 #27025] DEBUG -- : MONGODB | Server description for rocklov-db:27017 changed from 'standalone' to 'standalone'.
D, [2021-01-29T10:49:52.582334 #27025] DEBUG -- : MONGODB | There was a change in the members of the 'Single' topology.
D, [2021-01-29T10:49:52.582675 #27025] DEBUG -- : MONGODB | rocklov-db:27017 req:25 conn:1:2 sconn:39 | admin.endSessions | STARTED | {"endSessions"=>[{"id"=><BSON::Binary:0x47408106321860 type=uuid data=0x583b856e8dc84e11...>}], "$db"=>"admin"}
D, [2021-01-29T10:49:52.583020 #27025] DEBUG -- : MONGODB | rocklov-db:27017 req:25 | admin.endSessions | SUCCEEDED | 0.000s
D, [2021-01-29T10:49:52.584341 #27025] DEBUG -- : MONGODB | Server description for rocklov-db:27017 changed from 'standalone' to 'standalone'.
D, [2021-01-29T10:49:52.584466 #27025] DEBUG -- : MONGODB | There was a change in the members of the 'Single' topology.
D, [2021-01-29T10:49:52.584752 #27025] DEBUG -- : MONGODB | rocklov-db:27017 req:27 conn:1:2 sconn:40 | admin.endSessions | STARTED | {"endSessions"=>[{"id"=><BSON::Binary:0x47408095882780 type=uuid data=0xd72e80794e0f4628...>}], "$db"=>"admin"}
D, [2021-01-29T10:49:52.585079 #27025] DEBUG -- : MONGODB | rocklov-db:27017 req:27 | admin.endSessions | SUCCEEDED | 0.000s
D, [2021-01-29T10:49:52.586322 #27025] DEBUG -- : MONGODB | Server description for rocklov-db:27017 changed from 'standalone' to 'standalone'.
D, [2021-01-29T10:49:52.586441 #27025] DEBUG -- : MONGODB | There was a change in the members of the 'Single' topology.
D, [2021-01-29T10:49:52.586726 #27025] DEBUG -- : MONGODB | rocklov-db:27017 req:29 conn:1:2 sconn:41 | admin.endSessions | STARTED | {"endSessions"=>[{"id"=><BSON::Binary:0x47408108694560 type=uuid data=0x006384a685ad4a65...>}], "$db"=>"admin"}
D, [2021-01-29T10:49:52.587057 #27025] DEBUG -- : MONGODB | rocklov-db:27017 req:29 | admin.endSessions | SUCCEEDED | 0.000s
D, [2021-01-29T10:55:27.151840 #29051] DEBUG -- : MONGODB | Topology type 'unknown' initializing.
D, [2021-01-29T10:55:27.152203 #29051] DEBUG -- : MONGODB | There was a change in the members of the 'Unknown' topology.
D, [2021-01-29T10:55:27.152586 #29051] DEBUG -- : MONGODB | Server rocklov-db:27017 initializing.
D, [2021-01-29T10:55:27.152863 #29051] DEBUG -- : MONGODB | Waiting for up to 30.00 seconds for servers to be scanned: #<Cluster topology=Unknown[rocklov-db:27017] servers=[#<Server address=rocklov-db:27017 UNKNOWN>]>
D, [2021-01-29T10:55:27.154405 #29051] DEBUG -- : MONGODB | Server description for rocklov-db:27017 changed from 'unknown' to 'standalone'.
D, [2021-01-29T10:55:27.154652 #29051] DEBUG -- : MONGODB | Topology type 'Unknown' changed to type 'Single'.
D, [2021-01-29T10:55:27.156079 #29051] DEBUG -- : MONGODB | Server description for rocklov-db:27017 changed from 'standalone' to 'standalone'.
D, [2021-01-29T10:55:27.156183 #29051] DEBUG -- : MONGODB | There was a change in the members of the 'Single' topology.
D, [2021-01-29T10:55:27.156783 #29051] DEBUG -- : MONGODB | rocklov-db:27017 req:7 conn:1:1 sconn:43 | rocklov.find | STARTED | {"find"=>"users", "filter"=>{"email"=>"alan2@temp.vc"}, "$db"=>"rocklov", "lsid"=>{"id"=><BSON::Binary:0x47229257780840 type=uuid data=0x315bd3fa554b4440...>}}
D, [2021-01-29T10:55:27.157307 #29051] DEBUG -- : MONGODB | rocklov-db:27017 req:7 | rocklov.find | SUCCEEDED | 0.000s
D, [2021-01-29T10:55:27.158207 #29051] DEBUG -- : MONGODB | rocklov-db:27017 req:8 conn:1:1 sconn:43 | rocklov.delete | STARTED | {"delete"=>"equipos", "ordered"=>true, "deletes"=>[{"q"=>{"name"=>"Fender Strato", "user"=>BSON::ObjectId('6014138fe27e6d002f967127')}, "limit"=>0}], "$db"=>"rocklov", "lsid"=>{"id"=><BSON::Binary:0x47229257780840 type=uuid data=0x315bd3fa554b4440...>...
D, [2021-01-29T10:55:27.158706 #29051] DEBUG -- : MONGODB | rocklov-db:27017 req:8 | rocklov.delete | SUCCEEDED | 0.000s
D, [2021-01-29T10:55:28.118984 #29051] DEBUG -- : MONGODB | Topology type 'unknown' initializing.
D, [2021-01-29T10:55:28.119250 #29051] DEBUG -- : MONGODB | There was a change in the members of the 'Unknown' topology.
D, [2021-01-29T10:55:28.119354 #29051] DEBUG -- : MONGODB | Server rocklov-db:27017 initializing.
D, [2021-01-29T10:55:28.119577 #29051] DEBUG -- : MONGODB | Waiting for up to 30.00 seconds for servers to be scanned: #<Cluster topology=Unknown[rocklov-db:27017] servers=[#<Server address=rocklov-db:27017 UNKNOWN>]>
D, [2021-01-29T10:55:28.121409 #29051] DEBUG -- : MONGODB | Server description for rocklov-db:27017 changed from 'unknown' to 'standalone'.
D, [2021-01-29T10:55:28.121637 #29051] DEBUG -- : MONGODB | Topology type 'Unknown' changed to type 'Single'.
D, [2021-01-29T10:55:28.123075 #29051] DEBUG -- : MONGODB | Server description for rocklov-db:27017 changed from 'standalone' to 'standalone'.
D, [2021-01-29T10:55:28.123196 #29051] DEBUG -- : MONGODB | There was a change in the members of the 'Single' topology.
D, [2021-01-29T10:55:28.123668 #29051] DEBUG -- : MONGODB | rocklov-db:27017 req:11 conn:1:1 sconn:45 | rocklov.delete | STARTED | {"delete"=>"users", "ordered"=>true, "deletes"=>[{"q"=>{"email"=>"alan@temp.vc"}, "limit"=>0}], "$db"=>"rocklov", "lsid"=>{"id"=><BSON::Binary:0x47229271567320 type=uuid data=0xcbb48d96d772460f...>}}
D, [2021-01-29T10:55:28.124393 #29051] DEBUG -- : MONGODB | rocklov-db:27017 req:11 | rocklov.delete | SUCCEEDED | 0.001s
D, [2021-01-29T10:55:33.738258 #29051] DEBUG -- : MONGODB | Topology type 'unknown' initializing.
D, [2021-01-29T10:55:33.738557 #29051] DEBUG -- : MONGODB | There was a change in the members of the 'Unknown' topology.
D, [2021-01-29T10:55:33.738743 #29051] DEBUG -- : MONGODB | Server rocklov-db:27017 initializing.
D, [2021-01-29T10:55:33.739010 #29051] DEBUG -- : MONGODB | Waiting for up to 30.00 seconds for servers to be scanned: #<Cluster topology=Unknown[rocklov-db:27017] servers=[#<Server address=rocklov-db:27017 UNKNOWN>]>
D, [2021-01-29T10:55:33.740421 #29051] DEBUG -- : MONGODB | Server description for rocklov-db:27017 changed from 'unknown' to 'standalone'.
D, [2021-01-29T10:55:33.740663 #29051] DEBUG -- : MONGODB | Topology type 'Unknown' changed to type 'Single'.
D, [2021-01-29T10:55:33.742173 #29051] DEBUG -- : MONGODB | Server description for rocklov-db:27017 changed from 'standalone' to 'standalone'.
D, [2021-01-29T10:55:33.742315 #29051] DEBUG -- : MONGODB | There was a change in the members of the 'Single' topology.
D, [2021-01-29T10:55:33.742801 #29051] DEBUG -- : MONGODB | rocklov-db:27017 req:14 conn:1:1 sconn:47 | rocklov.delete | STARTED | {"delete"=>"users", "ordered"=>true, "deletes"=>[{"q"=>{"email"=>"alan@temp.vc"}, "limit"=>0}], "$db"=>"rocklov", "lsid"=>{"id"=><BSON::Binary:0x47229264963940 type=uuid data=0x687fe97d08034ca4...>}}
D, [2021-01-29T10:55:33.743661 #29051] DEBUG -- : MONGODB | rocklov-db:27017 req:14 | rocklov.delete | SUCCEEDED | 0.001s
D, [2021-01-29T10:55:34.385454 #29051] DEBUG -- : MONGODB | Topology type 'unknown' initializing.
D, [2021-01-29T10:55:34.385717 #29051] DEBUG -- : MONGODB | There was a change in the members of the 'Unknown' topology.
D, [2021-01-29T10:55:34.385820 #29051] DEBUG -- : MONGODB | Server rocklov-db:27017 initializing.
D, [2021-01-29T10:55:34.386007 #29051] DEBUG -- : MONGODB | Waiting for up to 30.00 seconds for servers to be scanned: #<Cluster topology=Unknown[rocklov-db:27017] servers=[#<Server address=rocklov-db:27017 UNKNOWN>]>
D, [2021-01-29T10:55:34.388694 #29051] DEBUG -- : MONGODB | Server description for rocklov-db:27017 changed from 'unknown' to 'standalone'.
D, [2021-01-29T10:55:34.388938 #29051] DEBUG -- : MONGODB | Topology type 'Unknown' changed to type 'Single'.
D, [2021-01-29T10:55:34.390900 #29051] DEBUG -- : MONGODB | Server description for rocklov-db:27017 changed from 'standalone' to 'standalone'.
D, [2021-01-29T10:55:34.391049 #29051] DEBUG -- : MONGODB | There was a change in the members of the 'Single' topology.
D, [2021-01-29T10:55:34.391566 #29051] DEBUG -- : MONGODB | rocklov-db:27017 req:17 conn:1:1 sconn:49 | rocklov.delete | STARTED | {"delete"=>"users", "ordered"=>true, "deletes"=>[{"q"=>{"email"=>""}, "limit"=>0}], "$db"=>"rocklov", "lsid"=>{"id"=><BSON::Binary:0x47229270642720 type=uuid data=0x8b6f61a3c53c4f61...>}}
D, [2021-01-29T10:55:34.392170 #29051] DEBUG -- : MONGODB | rocklov-db:27017 req:17 | rocklov.delete | SUCCEEDED | 0.000s
D, [2021-01-29T10:55:35.020644 #29051] DEBUG -- : MONGODB | Topology type 'unknown' initializing.
D, [2021-01-29T10:55:35.020895 #29051] DEBUG -- : MONGODB | There was a change in the members of the 'Unknown' topology.
D, [2021-01-29T10:55:35.021009 #29051] DEBUG -- : MONGODB | Server rocklov-db:27017 initializing.
D, [2021-01-29T10:55:35.021260 #29051] DEBUG -- : MONGODB | Waiting for up to 30.00 seconds for servers to be scanned: #<Cluster topology=Unknown[rocklov-db:27017] servers=[#<Server address=rocklov-db:27017 UNKNOWN>]>
D, [2021-01-29T10:55:35.022727 #29051] DEBUG -- : MONGODB | Server description for rocklov-db:27017 changed from 'unknown' to 'standalone'.
D, [2021-01-29T10:55:35.022929 #29051] DEBUG -- : MONGODB | Topology type 'Unknown' changed to type 'Single'.
D, [2021-01-29T10:55:35.024365 #29051] DEBUG -- : MONGODB | Server description for rocklov-db:27017 changed from 'standalone' to 'standalone'.
D, [2021-01-29T10:55:35.024499 #29051] DEBUG -- : MONGODB | There was a change in the members of the 'Single' topology.
D, [2021-01-29T10:55:35.025013 #29051] DEBUG -- : MONGODB | rocklov-db:27017 req:20 conn:1:1 sconn:51 | rocklov.delete | STARTED | {"delete"=>"users", "ordered"=>true, "deletes"=>[{"q"=>{"email"=>"alan*temp.vc"}, "limit"=>0}], "$db"=>"rocklov", "lsid"=>{"id"=><BSON::Binary:0x47229264671040 type=uuid data=0x4abf6ef37fed49b1...>}}
D, [2021-01-29T10:55:35.025646 #29051] DEBUG -- : MONGODB | rocklov-db:27017 req:20 | rocklov.delete | SUCCEEDED | 0.000s
D, [2021-01-29T10:55:35.662199 #29051] DEBUG -- : MONGODB | Topology type 'unknown' initializing.
D, [2021-01-29T10:55:35.662515 #29051] DEBUG -- : MONGODB | There was a change in the members of the 'Unknown' topology.
D, [2021-01-29T10:55:35.662633 #29051] DEBUG -- : MONGODB | Server rocklov-db:27017 initializing.
D, [2021-01-29T10:55:35.662941 #29051] DEBUG -- : MONGODB | Waiting for up to 30.00 seconds for servers to be scanned: #<Cluster topology=Unknown[rocklov-db:27017] servers=[#<Server address=rocklov-db:27017 UNKNOWN>]>
D, [2021-01-29T10:55:35.664659 #29051] DEBUG -- : MONGODB | Server description for rocklov-db:27017 changed from 'unknown' to 'standalone'.
D, [2021-01-29T10:55:35.664886 #29051] DEBUG -- : MONGODB | Topology type 'Unknown' changed to type 'Single'.
D, [2021-01-29T10:55:35.666798 #29051] DEBUG -- : MONGODB | Server description for rocklov-db:27017 changed from 'standalone' to 'standalone'.
D, [2021-01-29T10:55:35.667017 #29051] DEBUG -- : MONGODB | There was a change in the members of the 'Single' topology.
D, [2021-01-29T10:55:35.667700 #29051] DEBUG -- : MONGODB | rocklov-db:27017 req:23 conn:1:1 sconn:53 | rocklov.delete | STARTED | {"delete"=>"users", "ordered"=>true, "deletes"=>[{"q"=>{"email"=>"alan@temp.vc"}, "limit"=>0}], "$db"=>"rocklov", "lsid"=>{"id"=><BSON::Binary:0x47229270485520 type=uuid data=0xcc27c8a6e3034006...>}}
D, [2021-01-29T10:55:35.668523 #29051] DEBUG -- : MONGODB | rocklov-db:27017 req:23 | rocklov.delete | SUCCEEDED | 0.001s
D, [2021-01-29T10:55:37.155449 #29051] DEBUG -- : MONGODB | Server description for rocklov-db:27017 changed from 'standalone' to 'standalone'.
D, [2021-01-29T10:55:37.155598 #29051] DEBUG -- : MONGODB | There was a change in the members of the 'Single' topology.
D, [2021-01-29T10:55:38.122497 #29051] DEBUG -- : MONGODB | Server description for rocklov-db:27017 changed from 'standalone' to 'standalone'.
D, [2021-01-29T10:55:38.122676 #29051] DEBUG -- : MONGODB | There was a change in the members of the 'Single' topology.
D, [2021-01-29T10:55:40.544965 #29051] DEBUG -- : MONGODB | Server description for rocklov-db:27017 changed from 'standalone' to 'standalone'.
D, [2021-01-29T10:55:40.545145 #29051] DEBUG -- : MONGODB | There was a change in the members of the 'Single' topology.
D, [2021-01-29T10:55:40.545619 #29051] DEBUG -- : MONGODB | rocklov-db:27017 req:25 conn:1:2 sconn:54 | admin.endSessions | STARTED | {"endSessions"=>[{"id"=><BSON::Binary:0x47229270485520 type=uuid data=0xcc27c8a6e3034006...>}], "$db"=>"admin"}
D, [2021-01-29T10:55:40.546056 #29051] DEBUG -- : MONGODB | rocklov-db:27017 req:25 | admin.endSessions | SUCCEEDED | 0.000s
D, [2021-01-29T10:55:40.547469 #29051] DEBUG -- : MONGODB | Server description for rocklov-db:27017 changed from 'standalone' to 'standalone'.
D, [2021-01-29T10:55:40.547607 #29051] DEBUG -- : MONGODB | There was a change in the members of the 'Single' topology.
D, [2021-01-29T10:55:40.547914 #29051] DEBUG -- : MONGODB | rocklov-db:27017 req:27 conn:1:2 sconn:55 | admin.endSessions | STARTED | {"endSessions"=>[{"id"=><BSON::Binary:0x47229264671040 type=uuid data=0x4abf6ef37fed49b1...>}], "$db"=>"admin"}
D, [2021-01-29T10:55:40.548313 #29051] DEBUG -- : MONGODB | rocklov-db:27017 req:27 | admin.endSessions | SUCCEEDED | 0.000s
D, [2021-01-29T10:55:40.549665 #29051] DEBUG -- : MONGODB | Server description for rocklov-db:27017 changed from 'standalone' to 'standalone'.
D, [2021-01-29T10:55:40.549786 #29051] DEBUG -- : MONGODB | There was a change in the members of the 'Single' topology.
D, [2021-01-29T10:55:40.550059 #29051] DEBUG -- : MONGODB | rocklov-db:27017 req:29 conn:1:2 sconn:56 | admin.endSessions | STARTED | {"endSessions"=>[{"id"=><BSON::Binary:0x47229270642720 type=uuid data=0x8b6f61a3c53c4f61...>}], "$db"=>"admin"}
D, [2021-01-29T10:55:40.550376 #29051] DEBUG -- : MONGODB | rocklov-db:27017 req:29 | admin.endSessions | SUCCEEDED | 0.000s
D, [2021-01-29T10:55:40.551528 #29051] DEBUG -- : MONGODB | Server description for rocklov-db:27017 changed from 'standalone' to 'standalone'.
D, [2021-01-29T10:55:40.551638 #29051] DEBUG -- : MONGODB | There was a change in the members of the 'Single' topology.
D, [2021-01-29T10:55:40.551887 #29051] DEBUG -- : MONGODB | rocklov-db:27017 req:31 conn:1:2 sconn:57 | admin.endSessions | STARTED | {"endSessions"=>[{"id"=><BSON::Binary:0x47229264963940 type=uuid data=0x687fe97d08034ca4...>}], "$db"=>"admin"}
D, [2021-01-29T10:55:40.552197 #29051] DEBUG -- : MONGODB | rocklov-db:27017 req:31 | admin.endSessions | SUCCEEDED | 0.000s
D, [2021-01-29T10:55:40.553426 #29051] DEBUG -- : MONGODB | Server description for rocklov-db:27017 changed from 'standalone' to 'standalone'.
D, [2021-01-29T10:55:40.553547 #29051] DEBUG -- : MONGODB | There was a change in the members of the 'Single' topology.
D, [2021-01-29T10:55:40.553825 #29051] DEBUG -- : MONGODB | rocklov-db:27017 req:33 conn:1:2 sconn:58 | admin.endSessions | STARTED | {"endSessions"=>[{"id"=><BSON::Binary:0x47229271567320 type=uuid data=0xcbb48d96d772460f...>}], "$db"=>"admin"}
D, [2021-01-29T10:55:40.554112 #29051] DEBUG -- : MONGODB | rocklov-db:27017 req:33 | admin.endSessions | SUCCEEDED | 0.000s
D, [2021-01-29T10:55:40.555396 #29051] DEBUG -- : MONGODB | Server description for rocklov-db:27017 changed from 'standalone' to 'standalone'.
D, [2021-01-29T10:55:40.555527 #29051] DEBUG -- : MONGODB | There was a change in the members of the 'Single' topology.
D, [2021-01-29T10:55:40.555810 #29051] DEBUG -- : MONGODB | rocklov-db:27017 req:35 conn:1:2 sconn:59 | admin.endSessions | STARTED | {"endSessions"=>[{"id"=><BSON::Binary:0x47229257780840 type=uuid data=0x315bd3fa554b4440...>}], "$db"=>"admin"}
D, [2021-01-29T10:55:40.556053 #29051] DEBUG -- : MONGODB | rocklov-db:27017 req:35 | admin.endSessions | SUCCEEDED | 0.000s
D, [2021-01-29T10:56:30.700428 #29393] DEBUG -- : MONGODB | Topology type 'unknown' initializing.
D, [2021-01-29T10:56:30.700731 #29393] DEBUG -- : MONGODB | There was a change in the members of the 'Unknown' topology.
D, [2021-01-29T10:56:30.700923 #29393] DEBUG -- : MONGODB | Server rocklov-db:27017 initializing.
D, [2021-01-29T10:56:30.701170 #29393] DEBUG -- : MONGODB | Waiting for up to 30.00 seconds for servers to be scanned: #<Cluster topology=Unknown[rocklov-db:27017] servers=[#<Server address=rocklov-db:27017 UNKNOWN>]>
D, [2021-01-29T10:56:30.708080 #29393] DEBUG -- : MONGODB | Server description for rocklov-db:27017 changed from 'unknown' to 'standalone'.
D, [2021-01-29T10:56:30.708379 #29393] DEBUG -- : MONGODB | Topology type 'Unknown' changed to type 'Single'.
D, [2021-01-29T10:56:30.710847 #29393] DEBUG -- : MONGODB | Server description for rocklov-db:27017 changed from 'standalone' to 'standalone'.
D, [2021-01-29T10:56:30.710964 #29393] DEBUG -- : MONGODB | There was a change in the members of the 'Single' topology.
D, [2021-01-29T10:56:30.711480 #29393] DEBUG -- : MONGODB | rocklov-db:27017 req:7 conn:1:1 sconn:61 | rocklov.find | STARTED | {"find"=>"users", "filter"=>{"email"=>"alan2@temp.vc"}, "$db"=>"rocklov", "lsid"=>{"id"=><BSON::Binary:0x47447218991080 type=uuid data=0xe7635fd87c2e4989...>}}
D, [2021-01-29T10:56:30.711913 #29393] DEBUG -- : MONGODB | rocklov-db:27017 req:7 | rocklov.find | SUCCEEDED | 0.000s
D, [2021-01-29T10:56:30.712436 #29393] DEBUG -- : MONGODB | rocklov-db:27017 req:8 conn:1:1 sconn:61 | rocklov.delete | STARTED | {"delete"=>"equipos", "ordered"=>true, "deletes"=>[{"q"=>{"name"=>"Fender Strato", "user"=>BSON::ObjectId('6014138fe27e6d002f967127')}, "limit"=>0}], "$db"=>"rocklov", "lsid"=>{"id"=><BSON::Binary:0x47447218991080 type=uuid data=0xe7635fd87c2e4989...>...
D, [2021-01-29T10:56:30.712858 #29393] DEBUG -- : MONGODB | rocklov-db:27017 req:8 | rocklov.delete | SUCCEEDED | 0.000s
D, [2021-01-29T10:56:31.473257 #29393] DEBUG -- : MONGODB | Topology type 'unknown' initializing.
D, [2021-01-29T10:56:31.473538 #29393] DEBUG -- : MONGODB | There was a change in the members of the 'Unknown' topology.
D, [2021-01-29T10:56:31.473662 #29393] DEBUG -- : MONGODB | Server rocklov-db:27017 initializing.
D, [2021-01-29T10:56:31.473942 #29393] DEBUG -- : MONGODB | Waiting for up to 30.00 seconds for servers to be scanned: #<Cluster topology=Unknown[rocklov-db:27017] servers=[#<Server address=rocklov-db:27017 UNKNOWN>]>
D, [2021-01-29T10:56:31.475562 #29393] DEBUG -- : MONGODB | Server description for rocklov-db:27017 changed from 'unknown' to 'standalone'.
D, [2021-01-29T10:56:31.475823 #29393] DEBUG -- : MONGODB | Topology type 'Unknown' changed to type 'Single'.
D, [2021-01-29T10:56:31.477491 #29393] DEBUG -- : MONGODB | Server description for rocklov-db:27017 changed from 'standalone' to 'standalone'.
D, [2021-01-29T10:56:31.477674 #29393] DEBUG -- : MONGODB | There was a change in the members of the 'Single' topology.
D, [2021-01-29T10:56:31.478306 #29393] DEBUG -- : MONGODB | rocklov-db:27017 req:11 conn:1:1 sconn:63 | rocklov.delete | STARTED | {"delete"=>"users", "ordered"=>true, "deletes"=>[{"q"=>{"email"=>"alan@temp.vc"}, "limit"=>0}], "$db"=>"rocklov", "lsid"=>{"id"=><BSON::Binary:0x47447235040640 type=uuid data=0x2b6818e3fae94bf9...>}}
D, [2021-01-29T10:56:31.479165 #29393] DEBUG -- : MONGODB | rocklov-db:27017 req:11 | rocklov.delete | SUCCEEDED | 0.001s
D, [2021-01-29T10:56:37.137043 #29393] DEBUG -- : MONGODB | Topology type 'unknown' initializing.
D, [2021-01-29T10:56:37.137348 #29393] DEBUG -- : MONGODB | There was a change in the members of the 'Unknown' topology.
D, [2021-01-29T10:56:37.137559 #29393] DEBUG -- : MONGODB | Server rocklov-db:27017 initializing.
D, [2021-01-29T10:56:37.137853 #29393] DEBUG -- : MONGODB | Waiting for up to 30.00 seconds for servers to be scanned: #<Cluster topology=Unknown[rocklov-db:27017] servers=[#<Server address=rocklov-db:27017 UNKNOWN>]>
D, [2021-01-29T10:56:37.139455 #29393] DEBUG -- : MONGODB | Server description for rocklov-db:27017 changed from 'unknown' to 'standalone'.
D, [2021-01-29T10:56:37.139630 #29393] DEBUG -- : MONGODB | Topology type 'Unknown' changed to type 'Single'.
D, [2021-01-29T10:56:37.141290 #29393] DEBUG -- : MONGODB | Server description for rocklov-db:27017 changed from 'standalone' to 'standalone'.
D, [2021-01-29T10:56:37.141415 #29393] DEBUG -- : MONGODB | There was a change in the members of the 'Single' topology.
D, [2021-01-29T10:56:37.141837 #29393] DEBUG -- : MONGODB | rocklov-db:27017 req:14 conn:1:1 sconn:65 | rocklov.delete | STARTED | {"delete"=>"users", "ordered"=>true, "deletes"=>[{"q"=>{"email"=>"alan@temp.vc"}, "limit"=>0}], "$db"=>"rocklov", "lsid"=>{"id"=><BSON::Binary:0x47447224996440 type=uuid data=0xc08cccbf79d34819...>}}
D, [2021-01-29T10:56:37.142538 #29393] DEBUG -- : MONGODB | rocklov-db:27017 req:14 | rocklov.delete | SUCCEEDED | 0.001s
D, [2021-01-29T10:56:37.790414 #29393] DEBUG -- : MONGODB | Topology type 'unknown' initializing.
D, [2021-01-29T10:56:37.790715 #29393] DEBUG -- : MONGODB | There was a change in the members of the 'Unknown' topology.
D, [2021-01-29T10:56:37.790826 #29393] DEBUG -- : MONGODB | Server rocklov-db:27017 initializing.
D, [2021-01-29T10:56:37.791157 #29393] DEBUG -- : MONGODB | Waiting for up to 30.00 seconds for servers to be scanned: #<Cluster topology=Unknown[rocklov-db:27017] servers=[#<Server address=rocklov-db:27017 UNKNOWN>]>
D, [2021-01-29T10:56:37.793154 #29393] DEBUG -- : MONGODB | Server description for rocklov-db:27017 changed from 'unknown' to 'standalone'.
D, [2021-01-29T10:56:37.793466 #29393] DEBUG -- : MONGODB | Topology type 'Unknown' changed to type 'Single'.
D, [2021-01-29T10:56:37.795297 #29393] DEBUG -- : MONGODB | Server description for rocklov-db:27017 changed from 'standalone' to 'standalone'.
D, [2021-01-29T10:56:37.795435 #29393] DEBUG -- : MONGODB | There was a change in the members of the 'Single' topology.
D, [2021-01-29T10:56:37.795908 #29393] DEBUG -- : MONGODB | rocklov-db:27017 req:17 conn:1:1 sconn:67 | rocklov.delete | STARTED | {"delete"=>"users", "ordered"=>true, "deletes"=>[{"q"=>{"email"=>""}, "limit"=>0}], "$db"=>"rocklov", "lsid"=>{"id"=><BSON::Binary:0x47447226650680 type=uuid data=0x2bcfa6c62d68453e...>}}
D, [2021-01-29T10:56:37.796714 #29393] DEBUG -- : MONGODB | rocklov-db:27017 req:17 | rocklov.delete | SUCCEEDED | 0.001s
D, [2021-01-29T10:56:38.181245 #29393] DEBUG -- : MONGODB | Topology type 'unknown' initializing.
D, [2021-01-29T10:56:38.181505 #29393] DEBUG -- : MONGODB | There was a change in the members of the 'Unknown' topology.
D, [2021-01-29T10:56:38.181605 #29393] DEBUG -- : MONGODB | Server rocklov-db:27017 initializing.
D, [2021-01-29T10:56:38.181866 #29393] DEBUG -- : MONGODB | Waiting for up to 30.00 seconds for servers to be scanned: #<Cluster topology=Unknown[rocklov-db:27017] servers=[#<Server address=rocklov-db:27017 UNKNOWN>]>
D, [2021-01-29T10:56:38.183291 #29393] DEBUG -- : MONGODB | Server description for rocklov-db:27017 changed from 'unknown' to 'standalone'.
D, [2021-01-29T10:56:38.183469 #29393] DEBUG -- : MONGODB | Topology type 'Unknown' changed to type 'Single'.
D, [2021-01-29T10:56:38.191291 #29393] DEBUG -- : MONGODB | Server description for rocklov-db:27017 changed from 'standalone' to 'standalone'.
D, [2021-01-29T10:56:38.191420 #29393] DEBUG -- : MONGODB | There was a change in the members of the 'Single' topology.
D, [2021-01-29T10:56:38.191763 #29393] DEBUG -- : MONGODB | rocklov-db:27017 req:20 conn:1:1 sconn:69 | rocklov.delete | STARTED | {"delete"=>"users", "ordered"=>true, "deletes"=>[{"q"=>{"email"=>"alan*temp.vc"}, "limit"=>0}], "$db"=>"rocklov", "lsid"=>{"id"=><BSON::Binary:0x47447236495720 type=uuid data=0xfaa8c2bc9ed74a09...>}}
D, [2021-01-29T10:56:38.192208 #29393] DEBUG -- : MONGODB | rocklov-db:27017 req:20 | rocklov.delete | SUCCEEDED | 0.000s
D, [2021-01-29T10:56:39.035204 #29393] DEBUG -- : MONGODB | Topology type 'unknown' initializing.
D, [2021-01-29T10:56:39.035465 #29393] DEBUG -- : MONGODB | There was a change in the members of the 'Unknown' topology.
D, [2021-01-29T10:56:39.035565 #29393] DEBUG -- : MONGODB | Server rocklov-db:27017 initializing.
D, [2021-01-29T10:56:39.035970 #29393] DEBUG -- : MONGODB | Waiting for up to 30.00 seconds for servers to be scanned: #<Cluster topology=Unknown[rocklov-db:27017] servers=[#<Server address=rocklov-db:27017 UNKNOWN>]>
D, [2021-01-29T10:56:39.037171 #29393] DEBUG -- : MONGODB | Server description for rocklov-db:27017 changed from 'unknown' to 'standalone'.
D, [2021-01-29T10:56:39.037287 #29393] DEBUG -- : MONGODB | Topology type 'Unknown' changed to type 'Single'.
D, [2021-01-29T10:56:39.039022 #29393] DEBUG -- : MONGODB | Server description for rocklov-db:27017 changed from 'standalone' to 'standalone'.
D, [2021-01-29T10:56:39.039172 #29393] DEBUG -- : MONGODB | There was a change in the members of the 'Single' topology.
D, [2021-01-29T10:56:39.039684 #29393] DEBUG -- : MONGODB | rocklov-db:27017 req:23 conn:1:1 sconn:71 | rocklov.delete | STARTED | {"delete"=>"users", "ordered"=>true, "deletes"=>[{"q"=>{"email"=>"alan@temp.vc"}, "limit"=>0}], "$db"=>"rocklov", "lsid"=>{"id"=><BSON::Binary:0x47447226529840 type=uuid data=0xf2bb1be6cc394edc...>}}
D, [2021-01-29T10:56:39.040435 #29393] DEBUG -- : MONGODB | rocklov-db:27017 req:23 | rocklov.delete | SUCCEEDED | 0.001s
D, [2021-01-29T10:56:40.709382 #29393] DEBUG -- : MONGODB | Server description for rocklov-db:27017 changed from 'standalone' to 'standalone'.
D, [2021-01-29T10:56:40.709548 #29393] DEBUG -- : MONGODB | There was a change in the members of the 'Single' topology.
D, [2021-01-29T10:56:41.476545 #29393] DEBUG -- : MONGODB | Server description for rocklov-db:27017 changed from 'standalone' to 'standalone'.
D, [2021-01-29T10:56:41.476694 #29393] DEBUG -- : MONGODB | There was a change in the members of the 'Single' topology.
D, [2021-01-29T10:56:43.749468 #29393] DEBUG -- : MONGODB | Server description for rocklov-db:27017 changed from 'standalone' to 'standalone'.
D, [2021-01-29T10:56:43.749619 #29393] DEBUG -- : MONGODB | There was a change in the members of the 'Single' topology.
D, [2021-01-29T10:56:43.749978 #29393] DEBUG -- : MONGODB | rocklov-db:27017 req:25 conn:1:2 sconn:72 | admin.endSessions | STARTED | {"endSessions"=>[{"id"=><BSON::Binary:0x47447226529840 type=uuid data=0xf2bb1be6cc394edc...>}], "$db"=>"admin"}
D, [2021-01-29T10:56:43.750411 #29393] DEBUG -- : MONGODB | rocklov-db:27017 req:25 | admin.endSessions | SUCCEEDED | 0.000s
D, [2021-01-29T10:56:43.751827 #29393] DEBUG -- : MONGODB | Server description for rocklov-db:27017 changed from 'standalone' to 'standalone'.
D, [2021-01-29T10:56:43.751957 #29393] DEBUG -- : MONGODB | There was a change in the members of the 'Single' topology.
D, [2021-01-29T10:56:43.752253 #29393] DEBUG -- : MONGODB | rocklov-db:27017 req:27 conn:1:2 sconn:73 | admin.endSessions | STARTED | {"endSessions"=>[{"id"=><BSON::Binary:0x47447236495720 type=uuid data=0xfaa8c2bc9ed74a09...>}], "$db"=>"admin"}
D, [2021-01-29T10:56:43.752648 #29393] DEBUG -- : MONGODB | rocklov-db:27017 req:27 | admin.endSessions | SUCCEEDED | 0.000s
D, [2021-01-29T10:56:43.754019 #29393] DEBUG -- : MONGODB | Server description for rocklov-db:27017 changed from 'standalone' to 'standalone'.
D, [2021-01-29T10:56:43.754147 #29393] DEBUG -- : MONGODB | There was a change in the members of the 'Single' topology.
D, [2021-01-29T10:56:43.754446 #29393] DEBUG -- : MONGODB | rocklov-db:27017 req:29 conn:1:2 sconn:74 | admin.endSessions | STARTED | {"endSessions"=>[{"id"=><BSON::Binary:0x47447226650680 type=uuid data=0x2bcfa6c62d68453e...>}], "$db"=>"admin"}
D, [2021-01-29T10:56:43.754830 #29393] DEBUG -- : MONGODB | rocklov-db:27017 req:29 | admin.endSessions | SUCCEEDED | 0.000s
D, [2021-01-29T10:56:43.756165 #29393] DEBUG -- : MONGODB | Server description for rocklov-db:27017 changed from 'standalone' to 'standalone'.
D, [2021-01-29T10:56:43.756306 #29393] DEBUG -- : MONGODB | There was a change in the members of the 'Single' topology.
D, [2021-01-29T10:56:43.756614 #29393] DEBUG -- : MONGODB | rocklov-db:27017 req:31 conn:1:2 sconn:75 | admin.endSessions | STARTED | {"endSessions"=>[{"id"=><BSON::Binary:0x47447224996440 type=uuid data=0xc08cccbf79d34819...>}], "$db"=>"admin"}
D, [2021-01-29T10:56:43.756957 #29393] DEBUG -- : MONGODB | rocklov-db:27017 req:31 | admin.endSessions | SUCCEEDED | 0.000s
D, [2021-01-29T10:56:43.757995 #29393] DEBUG -- : MONGODB | Server description for rocklov-db:27017 changed from 'standalone' to 'standalone'.
D, [2021-01-29T10:56:43.758070 #29393] DEBUG -- : MONGODB | There was a change in the members of the 'Single' topology.
D, [2021-01-29T10:56:43.758241 #29393] DEBUG -- : MONGODB | rocklov-db:27017 req:33 conn:1:2 sconn:76 | admin.endSessions | STARTED | {"endSessions"=>[{"id"=><BSON::Binary:0x47447235040640 type=uuid data=0x2b6818e3fae94bf9...>}], "$db"=>"admin"}
D, [2021-01-29T10:56:43.758494 #29393] DEBUG -- : MONGODB | rocklov-db:27017 req:33 | admin.endSessions | SUCCEEDED | 0.000s
D, [2021-01-29T10:56:43.759435 #29393] DEBUG -- : MONGODB | Server description for rocklov-db:27017 changed from 'standalone' to 'standalone'.
D, [2021-01-29T10:56:43.759504 #29393] DEBUG -- : MONGODB | There was a change in the members of the 'Single' topology.
D, [2021-01-29T10:56:43.759666 #29393] DEBUG -- : MONGODB | rocklov-db:27017 req:35 conn:1:2 sconn:77 | admin.endSessions | STARTED | {"endSessions"=>[{"id"=><BSON::Binary:0x47447218991080 type=uuid data=0xe7635fd87c2e4989...>}], "$db"=>"admin"}
D, [2021-01-29T10:56:43.760125 #29393] DEBUG -- : MONGODB | rocklov-db:27017 req:35 | admin.endSessions | SUCCEEDED | 0.000s
